<?xml version="1.0" encoding="UTF-8"?>
<coverage generated="1650446627328" clover="3.2.0">
    <project timestamp="1650446627328" name="All files">
        <metrics statements="3329" coveredstatements="2457" conditionals="1706" coveredconditionals="954" methods="1001" coveredmethods="646" elements="6036" coveredelements="4057" complexity="0" loc="3329" ncloc="3329" packages="25" files="174" classes="174"/>
        <package name="actions">
            <metrics statements="283" coveredstatements="183" conditionals="80" coveredconditionals="27" methods="157" coveredmethods="98"/>
            <file name="a.js" path="/home/project/a.js">
                <metrics statements="55" coveredstatements="52" conditionals="16" coveredconditionals="10" methods="35" coveredmethods="31"/>
                <line num="19" count="25" type="stmt"/>
                <line num="28" count="25" type="stmt"/>
                <line num="29" count="2" type="stmt"/>
                <line num="32" count="25" type="stmt"/>
                <line num="33" count="1" type="stmt"/>
                <line num="34" count="1" type="stmt"/>
                <line num="35" count="1" type="stmt"/>
                <line num="42" count="25" type="stmt"/>
                <line num="43" count="0" type="stmt"/>
                <line num="46" count="25" type="cond" truecount="0" falsecount="1"/>
                <line num="54" count="25" type="cond" truecount="0" falsecount="1"/>
                <line num="55" count="1" type="stmt"/>
                <line num="56" count="1" type="stmt"/>
                <line num="59" count="28" type="stmt"/>
                <line num="63" count="25" type="stmt"/>
                <line num="67" count="25" type="stmt"/>
                <line num="71" count="25" type="stmt"/>
                <line num="72" count="1" type="stmt"/>
                <line num="73" count="1" type="stmt"/>
                <line num="75" count="1" type="stmt"/>
                <line num="76" count="1" type="cond" truecount="1" falsecount="1"/>
                <line num="77" count="1" type="stmt"/>
                <line num="78" count="1" type="stmt"/>
                <line num="80" count="1" type="cond" truecount="1" falsecount="1"/>
                <line num="81" count="1" type="stmt"/>
                <line num="85" count="25" type="stmt"/>
                <line num="86" count="1" type="cond" truecount="1" falsecount="1"/>
                <line num="87" count="0" type="stmt"/>
                <line num="89" count="1" type="stmt"/>
                <line num="93" count="25" type="stmt"/>
                <line num="97" count="25" type="stmt"/>
                <line num="98" count="1" type="stmt"/>
                <line num="101" count="25" type="stmt"/>
                <line num="102" count="1" type="stmt"/>
                <line num="105" count="25" type="stmt"/>
                <line num="106" count="1" type="stmt"/>
                <line num="109" count="25" type="stmt"/>
                <line num="110" count="3" type="stmt"/>
                <line num="111" count="3" type="stmt"/>
                <line num="112" count="3" type="stmt"/>
                <line num="114" count="3" type="cond" truecount="2" falsecount="0"/>
                <line num="115" count="1" type="stmt"/>
                <line num="116" count="2" type="cond" truecount="2" falsecount="0"/>
                <line num="117" count="1" type="stmt"/>
                <line num="119" count="1" type="stmt"/>
                <line num="122" count="43" type="stmt"/>
                <line num="127" count="25" type="stmt"/>
                <line num="131" count="25" type="stmt"/>
                <line num="135" count="25" type="stmt"/>
                <line num="136" count="1" type="stmt"/>
                <line num="137" count="1" type="stmt"/>
                <line num="140" count="25" type="stmt"/>
                <line num="141" count="0" type="stmt"/>
                <line num="144" count="25" type="stmt"/>
                <line num="145" count="3" type="stmt"/>
            </file>
            <file name="b.js" path="/home/project/b.js">
                <metrics statements="3" coveredstatements="3" conditionals="0" coveredconditionals="0" methods="3" coveredmethods="0"/>
                <line num="3" count="22" type="stmt"/>
                <line num="8" count="22" type="stmt"/>
                <line num="13" count="22" type="stmt"/>
            </file>
            <file name="c.js" path="/home/c.js">
                <metrics statements="0" coveredstatements="0" conditionals="0" coveredconditionals="0" methods="0" coveredmethods="0"/>
            </file>
        </package>
    </project>
</coverage>